<?xml version="1.0" encoding="UTF-8"?>
<robot generator="Robot 5.0.1 (Python 3.10.4 on win32)" generated="20230219 05:54:52.356" rpa="false" schemaversion="3">
<suite id="s1" name="TC 01" source="C:\Users\alfan\PycharmProjects\2023-02-TT\main tc\TC_01.robot">
<test id="s1-t1" name="TC-000_Browser_Setup" line="27">
<kw name="Open Browser" library="SeleniumLibrary">
<arg>${LOGIN URL}</arg>
<arg>${BROWSER}</arg>
<doc>Opens a new browser instance to the optional ``url``.</doc>
<msg timestamp="20230219 05:54:52.538" level="INFO">Opening browser 'Chrome' to base url 'https://www.tokopedia.com/'.</msg>
<status status="PASS" starttime="20230219 05:54:52.537" endtime="20230219 05:54:56.307"/>
</kw>
<kw name="Maximize Browser Window" library="SeleniumLibrary">
<doc>Maximizes current browser window.</doc>
<status status="PASS" starttime="20230219 05:54:56.307" endtime="20230219 05:54:56.427"/>
</kw>
<kw name="Title Should Be" library="SeleniumLibrary">
<arg>Situs Jual Beli Online Terlengkap, Mudah &amp; Aman | Tokopedia</arg>
<doc>Verifies that the current page title equals ``title``.</doc>
<msg timestamp="20230219 05:54:56.434" level="INFO">Page title is 'Situs Jual Beli Online Terlengkap, Mudah &amp; Aman | Tokopedia'.</msg>
<status status="PASS" starttime="20230219 05:54:56.427" endtime="20230219 05:54:56.434"/>
</kw>
<kw name="Sleep" library="BuiltIn">
<arg>5</arg>
<doc>Pauses the test executed for the given time.</doc>
<msg timestamp="20230219 05:55:01.438" level="INFO">Slept 5 seconds</msg>
<status status="PASS" starttime="20230219 05:54:56.434" endtime="20230219 05:55:01.438"/>
</kw>
<status status="PASS" starttime="20230219 05:54:52.537" endtime="20230219 05:55:01.438"/>
</test>
<test id="s1-t2" name="TC-001_Navigate_Search" line="33">
<kw name="Click Element" library="SeleniumLibrary">
<arg>${main_search_btn}</arg>
<doc>Click the element identified by ``locator``.</doc>
<msg timestamp="20230219 05:55:01.440" level="INFO">Clicking element 'xpath://input[@data-unify="Search"]'.</msg>
<status status="PASS" starttime="20230219 05:55:01.440" endtime="20230219 05:55:01.519"/>
</kw>
<kw name="Sleep" library="BuiltIn">
<arg>2</arg>
<doc>Pauses the test executed for the given time.</doc>
<msg timestamp="20230219 05:55:03.526" level="INFO">Slept 2 seconds</msg>
<status status="PASS" starttime="20230219 05:55:01.519" endtime="20230219 05:55:03.526"/>
</kw>
<kw name="Input Text" library="SeleniumLibrary">
<arg>${main_search_btn}</arg>
<arg>laptop asus</arg>
<doc>Types the given ``text`` into the text field identified by ``locator``.</doc>
<msg timestamp="20230219 05:55:03.527" level="INFO">Typing text 'laptop asus' into text field 'xpath://input[@data-unify="Search"]'.</msg>
<status status="PASS" starttime="20230219 05:55:03.526" endtime="20230219 05:55:03.589"/>
</kw>
<kw name="Press Keys" library="SeleniumLibrary">
<arg>${main_search_btn}</arg>
<arg>\ue006</arg>
<doc>Simulates the user pressing key(s) to an element or on the active browser.</doc>
<msg timestamp="20230219 05:55:03.590" level="INFO">Sending key(s) ('\ue006',) to xpath://input[@data-unify="Search"] element.</msg>
<msg timestamp="20230219 05:55:03.870" level="INFO">Sending key </msg>
<status status="PASS" starttime="20230219 05:55:03.589" endtime="20230219 05:55:03.938"/>
</kw>
<kw name="Sleep" library="BuiltIn">
<arg>3</arg>
<doc>Pauses the test executed for the given time.</doc>
<msg timestamp="20230219 05:55:06.943" level="INFO">Slept 3 seconds</msg>
<status status="PASS" starttime="20230219 05:55:03.939" endtime="20230219 05:55:06.943"/>
</kw>
<status status="PASS" starttime="20230219 05:55:01.440" endtime="20230219 05:55:06.945"/>
</test>
<test id="s1-t3" name="TC-002_Validate_Result_Page" line="43">
<kw name="Element Should Be Visible" library="SeleniumLibrary">
<arg>xpath://div[@data-testid="dSRPSearchInfo"]/span</arg>
<doc>Verifies that the element identified by ``locator`` is visible.</doc>
<msg timestamp="20230219 05:55:06.978" level="INFO">Element 'xpath://div[@data-testid="dSRPSearchInfo"]/span' is displayed.</msg>
<status status="PASS" starttime="20230219 05:55:06.950" endtime="20230219 05:55:06.979"/>
</kw>
<kw name="Element Should Be Visible" library="SeleniumLibrary">
<arg>xpath://div[@data-testid="dSRPSearchInfo"]/strong</arg>
<doc>Verifies that the element identified by ``locator`` is visible.</doc>
<msg timestamp="20230219 05:55:06.999" level="INFO">Element 'xpath://div[@data-testid="dSRPSearchInfo"]/strong' is displayed.</msg>
<status status="PASS" starttime="20230219 05:55:06.979" endtime="20230219 05:55:06.999"/>
</kw>
<kw name="Element Should Be Visible" library="SeleniumLibrary">
<arg>xpath://div[@data-testid="divSRPContentProducts"]</arg>
<doc>Verifies that the element identified by ``locator`` is visible.</doc>
<msg timestamp="20230219 05:55:07.016" level="INFO">Element 'xpath://div[@data-testid="divSRPContentProducts"]' is displayed.</msg>
<status status="PASS" starttime="20230219 05:55:06.999" endtime="20230219 05:55:07.016"/>
</kw>
<kw name="Element Should Contain" library="SeleniumLibrary">
<arg>xpath://div[@data-testid="dSRPSearchInfo"]/span</arg>
<arg>Menampilkan</arg>
<doc>Verifies that element ``locator`` contains text ``expected``.</doc>
<msg timestamp="20230219 05:55:07.032" level="INFO">Element 'xpath://div[@data-testid="dSRPSearchInfo"]/span' contains text 'Menampilkan'.</msg>
<status status="PASS" starttime="20230219 05:55:07.017" endtime="20230219 05:55:07.032"/>
</kw>
<kw name="Element Should Contain" library="SeleniumLibrary">
<arg>xpath://div[@data-testid="dSRPSearchInfo"]/span</arg>
<arg>barang</arg>
<doc>Verifies that element ``locator`` contains text ``expected``.</doc>
<msg timestamp="20230219 05:55:07.043" level="INFO">Element 'xpath://div[@data-testid="dSRPSearchInfo"]/span' contains text 'barang'.</msg>
<status status="PASS" starttime="20230219 05:55:07.033" endtime="20230219 05:55:07.043"/>
</kw>
<kw name="Element Should Contain" library="SeleniumLibrary">
<arg>xpath://div[@data-testid="dSRPSearchInfo"]/strong</arg>
<arg>laptop asus</arg>
<doc>Verifies that element ``locator`` contains text ``expected``.</doc>
<msg timestamp="20230219 05:55:07.057" level="INFO">Element 'xpath://div[@data-testid="dSRPSearchInfo"]/strong' contains text 'laptop asus'.</msg>
<status status="PASS" starttime="20230219 05:55:07.044" endtime="20230219 05:55:07.057"/>
</kw>
<status status="PASS" starttime="20230219 05:55:06.948" endtime="20230219 05:55:07.058"/>
</test>
<test id="s1-t4" name="TC-003_Click_Top_Right" line="56">
<kw name="Click Element" library="SeleniumLibrary">
<arg>${top-right-item}</arg>
<doc>Click the element identified by ``locator``.</doc>
<msg timestamp="20230219 05:55:07.060" level="INFO">Clicking element 'xpath://div[@data-testid="divSRPContentProducts"]/div/div[5]'.</msg>
<status status="PASS" starttime="20230219 05:55:07.059" endtime="20230219 05:55:07.209"/>
</kw>
<status status="PASS" starttime="20230219 05:55:07.059" endtime="20230219 05:55:07.209"/>
</test>
<test id="s1-t5" name="TC-004_Detail_Page_Validation" line="61">
<kw name="Sleep" library="BuiltIn">
<arg>5</arg>
<doc>Pauses the test executed for the given time.</doc>
<msg timestamp="20230219 05:55:12.215" level="INFO">Slept 5 seconds</msg>
<status status="PASS" starttime="20230219 05:55:07.211" endtime="20230219 05:55:12.215"/>
</kw>
<kw name="Element Should Be Visible" library="SeleniumLibrary">
<arg>xpath://img[@data-testid="PDPMainImage"]</arg>
<doc>Verifies that the element identified by ``locator`` is visible.</doc>
<msg timestamp="20230219 05:55:12.242" level="INFO">Element 'xpath://img[@data-testid="PDPMainImage"]' is displayed.</msg>
<status status="PASS" starttime="20230219 05:55:12.215" endtime="20230219 05:55:12.242"/>
</kw>
<kw name="Element Should Be Visible" library="SeleniumLibrary">
<arg>xpath://button[@data-testid="tabPDPDetail"]/p</arg>
<doc>Verifies that the element identified by ``locator`` is visible.</doc>
<msg timestamp="20230219 05:55:12.265" level="INFO">Element 'xpath://button[@data-testid="tabPDPDetail"]/p' is displayed.</msg>
<status status="PASS" starttime="20230219 05:55:12.242" endtime="20230219 05:55:12.265"/>
</kw>
<kw name="Element Should Be Visible" library="SeleniumLibrary">
<arg>xpath://button[text()="Lihat Selengkapnya"]</arg>
<doc>Verifies that the element identified by ``locator`` is visible.</doc>
<msg timestamp="20230219 05:55:12.291" level="INFO">Element 'xpath://button[text()="Lihat Selengkapnya"]' is displayed.</msg>
<status status="PASS" starttime="20230219 05:55:12.265" endtime="20230219 05:55:12.291"/>
</kw>
<kw name="Click Element" library="SeleniumLibrary">
<arg>xpath://button[text()="Lihat Selengkapnya"]</arg>
<doc>Click the element identified by ``locator``.</doc>
<msg timestamp="20230219 05:55:12.291" level="INFO">Clicking element 'xpath://button[text()="Lihat Selengkapnya"]'.</msg>
<status status="PASS" starttime="20230219 05:55:12.291" endtime="20230219 05:55:12.386"/>
</kw>
<kw name="Element Should Contain" library="SeleniumLibrary">
<arg>xpath://div[@data-testid="lblPDPDescriptionProduk"]</arg>
<arg>asus</arg>
<arg>${EMPTY}</arg>
<arg>${False}</arg>
<doc>Verifies that element ``locator`` contains text ``expected``.</doc>
<msg timestamp="20230219 05:55:12.607" level="INFO" html="true">&lt;/td&gt;&lt;/tr&gt;&lt;tr&gt;&lt;td colspan="3"&gt;&lt;a href="selenium-screenshot-64.png"&gt;&lt;img src="selenium-screenshot-64.png" width="800px"&gt;&lt;/a&gt;</msg>
<msg timestamp="20230219 05:55:12.608" level="FAIL">AssertionError</msg>
<status status="FAIL" starttime="20230219 05:55:12.386" endtime="20230219 05:55:12.609"/>
</kw>
<status status="FAIL" starttime="20230219 05:55:07.211" endtime="20230219 05:55:12.610">AssertionError</status>
</test>
<test id="s1-t6" name="TC-004_Get_Started_Button_Should_Start_Conversation" line="78">
<kw name="Unselect Frame" library="SeleniumLibrary">
<doc>Sets the main frame as the current frame.</doc>
<status status="PASS" starttime="20230219 05:55:12.611" endtime="20230219 05:55:12.613"/>
</kw>
<kw name="Delete All Cookies" library="SeleniumLibrary">
<doc>Deletes all cookies.</doc>
<status status="PASS" starttime="20230219 05:55:12.614" endtime="20230219 05:55:12.727"/>
</kw>
<kw name="Execute Javascript" library="SeleniumLibrary">
<arg>localStorage.clear();</arg>
<doc>Executes the given JavaScript code with possible arguments.</doc>
<msg timestamp="20230219 05:55:12.728" level="INFO">Executing JavaScript:
localStorage.clear();
Without any arguments.</msg>
<status status="PASS" starttime="20230219 05:55:12.727" endtime="20230219 05:55:12.731"/>
</kw>
<kw name="Click Element" library="SeleniumLibrary">
<arg>${widget_open_btn_loc}</arg>
<doc>Click the element identified by ``locator``.</doc>
<msg timestamp="20230219 05:55:12.732" level="INFO">Clicking element 'id:widget-activator'.</msg>
<msg timestamp="20230219 05:55:12.901" level="INFO" html="true">&lt;/td&gt;&lt;/tr&gt;&lt;tr&gt;&lt;td colspan="3"&gt;&lt;a href="selenium-screenshot-65.png"&gt;&lt;img src="selenium-screenshot-65.png" width="800px"&gt;&lt;/a&gt;</msg>
<msg timestamp="20230219 05:55:12.902" level="FAIL">Element with locator 'id:widget-activator' not found.</msg>
<status status="FAIL" starttime="20230219 05:55:12.731" endtime="20230219 05:55:12.902"/>
</kw>
<kw name="Sleep" library="BuiltIn">
<arg>2</arg>
<doc>Pauses the test executed for the given time.</doc>
<status status="NOT RUN" starttime="20230219 05:55:12.903" endtime="20230219 05:55:12.903"/>
</kw>
<kw name="Select Frame" library="SeleniumLibrary">
<arg>${widget_frame_loc}</arg>
<doc>Sets frame identified by ``locator`` as the current frame.</doc>
<status status="NOT RUN" starttime="20230219 05:55:12.903" endtime="20230219 05:55:12.903"/>
</kw>
<kw name="Sleep" library="BuiltIn">
<arg>3</arg>
<doc>Pauses the test executed for the given time.</doc>
<status status="NOT RUN" starttime="20230219 05:55:12.903" endtime="20230219 05:55:12.903"/>
</kw>
<kw name="Click Element" library="SeleniumLibrary">
<arg>${widget_get_started_btn_loc}</arg>
<doc>Click the element identified by ``locator``.</doc>
<status status="NOT RUN" starttime="20230219 05:55:12.904" endtime="20230219 05:55:12.904"/>
</kw>
<kw name="Sleep" library="BuiltIn">
<arg>5</arg>
<doc>Pauses the test executed for the given time.</doc>
<status status="NOT RUN" starttime="20230219 05:55:12.904" endtime="20230219 05:55:12.904"/>
</kw>
<kw name="Wait Until Element Is Visible" library="SeleniumLibrary">
<arg>${widget_last_msg_bot_loc}</arg>
<doc>Waits until the element ``locator`` is visible.</doc>
<status status="NOT RUN" starttime="20230219 05:55:12.905" endtime="20230219 05:55:12.905"/>
</kw>
<kw name="Element Text Should Not Be" library="SeleniumLibrary">
<arg>${widget_last_msg_bot_loc}</arg>
<arg>${EMPTY}</arg>
<doc>Verifies that element ``locator`` does not contain exact the text ``not_expected``.</doc>
<status status="NOT RUN" starttime="20230219 05:55:12.905" endtime="20230219 05:55:12.905"/>
</kw>
<kw name="Element Should Contain" library="SeleniumLibrary">
<arg>${widget_last_msg_bot_loc}</arg>
<arg>Hi! How are you?</arg>
<doc>Verifies that element ``locator`` contains text ``expected``.</doc>
<status status="NOT RUN" starttime="20230219 05:55:12.905" endtime="20230219 05:55:12.905"/>
</kw>
<status status="FAIL" starttime="20230219 05:55:12.610" endtime="20230219 05:55:12.905">Element with locator 'id:widget-activator' not found.</status>
</test>
<test id="s1-t7" name="TC-005_Sending_Hello_Message" line="103">
<kw name="Input Text" library="SeleniumLibrary">
<arg>${widget_input_loc}</arg>
<arg>hello</arg>
<doc>Types the given ``text`` into the text field identified by ``locator``.</doc>
<msg timestamp="20230219 05:55:12.907" level="INFO">Typing text 'hello' into text field 'xpath://*[@id="app"]/div/div[3]/div/div[1]/input'.</msg>
<msg timestamp="20230219 05:55:13.070" level="INFO" html="true">&lt;/td&gt;&lt;/tr&gt;&lt;tr&gt;&lt;td colspan="3"&gt;&lt;a href="selenium-screenshot-66.png"&gt;&lt;img src="selenium-screenshot-66.png" width="800px"&gt;&lt;/a&gt;</msg>
<msg timestamp="20230219 05:55:13.071" level="FAIL">Element with locator 'xpath://*[@id="app"]/div/div[3]/div/div[1]/input' not found.</msg>
<status status="FAIL" starttime="20230219 05:55:12.907" endtime="20230219 05:55:13.072"/>
</kw>
<kw name="Press Keys" library="SeleniumLibrary">
<arg>${widget_input_loc}</arg>
<arg>\ue006</arg>
<doc>Simulates the user pressing key(s) to an element or on the active browser.</doc>
<status status="NOT RUN" starttime="20230219 05:55:13.072" endtime="20230219 05:55:13.072"/>
</kw>
<kw name="Sleep" library="BuiltIn">
<arg>4</arg>
<doc>Pauses the test executed for the given time.</doc>
<status status="NOT RUN" starttime="20230219 05:55:13.073" endtime="20230219 05:55:13.073"/>
</kw>
<kw name="Element Should Contain" library="SeleniumLibrary">
<arg>${widget_last_msg_bot_loc}</arg>
<arg>hello!</arg>
<doc>Verifies that element ``locator`` contains text ``expected``.</doc>
<status status="NOT RUN" starttime="20230219 05:55:13.073" endtime="20230219 05:55:13.073"/>
</kw>
<status status="FAIL" starttime="20230219 05:55:12.906" endtime="20230219 05:55:13.074">Element with locator 'xpath://*[@id="app"]/div/div[3]/div/div[1]/input' not found.</status>
</test>
<test id="s1-t8" name="TC-006_Click_Bottom_Button_Should_Trigger_Message" line="112">
<kw name="Click Element" library="SeleniumLibrary">
<arg>${widget_hello_btn_loc}</arg>
<doc>Click the element identified by ``locator``.</doc>
<msg timestamp="20230219 05:55:13.075" level="INFO">Clicking element 'xpath://span[@class="material-design-icon wrench-icon"]'.</msg>
<msg timestamp="20230219 05:55:13.223" level="INFO" html="true">&lt;/td&gt;&lt;/tr&gt;&lt;tr&gt;&lt;td colspan="3"&gt;&lt;a href="selenium-screenshot-67.png"&gt;&lt;img src="selenium-screenshot-67.png" width="800px"&gt;&lt;/a&gt;</msg>
<msg timestamp="20230219 05:55:13.223" level="FAIL">Element with locator 'xpath://span[@class="material-design-icon wrench-icon"]' not found.</msg>
<status status="FAIL" starttime="20230219 05:55:13.075" endtime="20230219 05:55:13.223"/>
</kw>
<kw name="Sleep" library="BuiltIn">
<arg>3</arg>
<doc>Pauses the test executed for the given time.</doc>
<status status="NOT RUN" starttime="20230219 05:55:13.223" endtime="20230219 05:55:13.223"/>
</kw>
<kw name="Element Text Should Be" library="SeleniumLibrary">
<arg>${widget_last_msg_me_loc}</arg>
<arg>Hello</arg>
<doc>Verifies that element ``locator`` contains exact the text ``expected``.</doc>
<status status="NOT RUN" starttime="20230219 05:55:13.224" endtime="20230219 05:55:13.224"/>
</kw>
<kw name="Sleep" library="BuiltIn">
<arg>3</arg>
<doc>Pauses the test executed for the given time.</doc>
<status status="NOT RUN" starttime="20230219 05:55:13.224" endtime="20230219 05:55:13.224"/>
</kw>
<kw name="Element Text Should Be" library="SeleniumLibrary">
<arg>${widget_last_msg_bot_loc}</arg>
<arg>hello!</arg>
<doc>Verifies that element ``locator`` contains exact the text ``expected``.</doc>
<status status="NOT RUN" starttime="20230219 05:55:13.224" endtime="20230219 05:55:13.224"/>
</kw>
<status status="FAIL" starttime="20230219 05:55:13.075" endtime="20230219 05:55:13.225">Element with locator 'xpath://span[@class="material-design-icon wrench-icon"]' not found.</status>
</test>
<test id="s1-t9" name="TC-007_Widget_Should_Reply_With_What" line="124">
<kw name="Element Should Be Visible" library="SeleniumLibrary">
<arg>${widget_what_btn_loc}</arg>
<doc>Verifies that the element identified by ``locator`` is visible.</doc>
<msg timestamp="20230219 05:55:13.378" level="INFO" html="true">&lt;/td&gt;&lt;/tr&gt;&lt;tr&gt;&lt;td colspan="3"&gt;&lt;a href="selenium-screenshot-68.png"&gt;&lt;img src="selenium-screenshot-68.png" width="800px"&gt;&lt;/a&gt;</msg>
<msg timestamp="20230219 05:55:13.378" level="FAIL">Element with locator 'xpath://div[@class="message-button"][text()=" What "]' not found.</msg>
<status status="FAIL" starttime="20230219 05:55:13.226" endtime="20230219 05:55:13.379"/>
</kw>
<kw name="Click Element" library="SeleniumLibrary">
<arg>${widget_what_btn_loc}</arg>
<doc>Click the element identified by ``locator``.</doc>
<status status="NOT RUN" starttime="20230219 05:55:13.379" endtime="20230219 05:55:13.379"/>
</kw>
<kw name="Sleep" library="BuiltIn">
<arg>5</arg>
<doc>Pauses the test executed for the given time.</doc>
<status status="NOT RUN" starttime="20230219 05:55:13.379" endtime="20230219 05:55:13.379"/>
</kw>
<kw name="Element Text Should Be" library="SeleniumLibrary">
<arg>${widget_last_msg_bot_loc}</arg>
<arg>what ?</arg>
<doc>Verifies that element ``locator`` contains exact the text ``expected``.</doc>
<status status="NOT RUN" starttime="20230219 05:55:13.380" endtime="20230219 05:55:13.380"/>
</kw>
<status status="FAIL" starttime="20230219 05:55:13.226" endtime="20230219 05:55:13.380">Element with locator 'xpath://div[@class="message-button"][text()=" What "]' not found.</status>
</test>
<test id="s1-t10" name="TC-008_Widget_Retains_Conversation" line="133">
<kw name="Reload Page" library="SeleniumLibrary">
<doc>Simulates user reloading page.</doc>
<status status="PASS" starttime="20230219 05:55:13.382" endtime="20230219 05:55:13.387"/>
</kw>
<kw name="Sleep" library="BuiltIn">
<arg>3</arg>
<doc>Pauses the test executed for the given time.</doc>
<msg timestamp="20230219 05:55:16.401" level="INFO">Slept 3 seconds</msg>
<status status="PASS" starttime="20230219 05:55:13.388" endtime="20230219 05:55:16.401"/>
</kw>
<kw name="Wait Until Element Is Visible" library="SeleniumLibrary">
<arg>${widget_open_btn_loc}</arg>
<doc>Waits until the element ``locator`` is visible.</doc>
<msg timestamp="20230219 05:55:21.575" level="INFO" html="true">&lt;/td&gt;&lt;/tr&gt;&lt;tr&gt;&lt;td colspan="3"&gt;&lt;a href="selenium-screenshot-69.png"&gt;&lt;img src="selenium-screenshot-69.png" width="800px"&gt;&lt;/a&gt;</msg>
<msg timestamp="20230219 05:55:21.575" level="FAIL">Element 'id:widget-activator' not visible after 5 seconds.</msg>
<status status="FAIL" starttime="20230219 05:55:16.401" endtime="20230219 05:55:21.576"/>
</kw>
<kw name="Click Element" library="SeleniumLibrary">
<arg>${widget_open_btn_loc}</arg>
<doc>Click the element identified by ``locator``.</doc>
<status status="NOT RUN" starttime="20230219 05:55:21.576" endtime="20230219 05:55:21.576"/>
</kw>
<kw name="Sleep" library="BuiltIn">
<arg>2</arg>
<doc>Pauses the test executed for the given time.</doc>
<status status="NOT RUN" starttime="20230219 05:55:21.577" endtime="20230219 05:55:21.577"/>
</kw>
<kw name="Select Frame" library="SeleniumLibrary">
<arg>${widget_frame_loc}</arg>
<doc>Sets frame identified by ``locator`` as the current frame.</doc>
<status status="NOT RUN" starttime="20230219 05:55:21.577" endtime="20230219 05:55:21.577"/>
</kw>
<kw name="Sleep" library="BuiltIn">
<arg>6</arg>
<doc>Pauses the test executed for the given time.</doc>
<status status="NOT RUN" starttime="20230219 05:55:21.577" endtime="20230219 05:55:21.577"/>
</kw>
<kw name="Element Text Should Be" library="SeleniumLibrary">
<arg>${widget_last_msg_me_loc}</arg>
<arg>What</arg>
<doc>Verifies that element ``locator`` contains exact the text ``expected``.</doc>
<status status="NOT RUN" starttime="20230219 05:55:21.578" endtime="20230219 05:55:21.578"/>
</kw>
<kw name="Element Text Should Be" library="SeleniumLibrary">
<arg>${widget_last_msg_bot_loc}</arg>
<arg>what ?</arg>
<doc>Verifies that element ``locator`` contains exact the text ``expected``.</doc>
<status status="NOT RUN" starttime="20230219 05:55:21.578" endtime="20230219 05:55:21.578"/>
</kw>
<status status="FAIL" starttime="20230219 05:55:13.381" endtime="20230219 05:55:21.579">Element 'id:widget-activator' not visible after 5 seconds.</status>
</test>
<test id="s1-t11" name="TC-ZZZ_Browser_Close" line="151">
<kw name="Close Browser" library="SeleniumLibrary">
<doc>Closes the current browser.</doc>
<status status="PASS" starttime="20230219 05:55:21.580" endtime="20230219 05:55:23.746"/>
</kw>
<status status="PASS" starttime="20230219 05:55:21.580" endtime="20230219 05:55:23.747"/>
</test>
<status status="FAIL" starttime="20230219 05:54:52.356" endtime="20230219 05:55:23.751"/>
</suite>
<statistics>
<total>
<stat pass="5" fail="6" skip="0">All Tests</stat>
</total>
<tag>
</tag>
<suite>
<stat pass="5" fail="6" skip="0" id="s1" name="TC 01">TC 01</stat>
</suite>
</statistics>
<errors>
</errors>
</robot>
