<?xml version="1.0" encoding="UTF-8"?>
<robot generator="Robot 5.0.1 (Python 3.10.4 on win32)" generated="20230219 06:25:45.182" rpa="false" schemaversion="3">
<suite id="s1" name="TC 01" source="C:\Users\alfan\PycharmProjects\2023-02-TT\main tc\TC_01.robot">
<test id="s1-t1" name="TC-000_Browser_Setup" line="27">
<kw name="Open Browser" library="SeleniumLibrary">
<arg>${LOGIN URL}</arg>
<arg>${BROWSER}</arg>
<doc>Opens a new browser instance to the optional ``url``.</doc>
<msg timestamp="20230219 06:25:45.367" level="INFO">Opening browser 'Chrome' to base url 'https://www.tokopedia.com/'.</msg>
<status status="PASS" starttime="20230219 06:25:45.367" endtime="20230219 06:25:48.819"/>
</kw>
<kw name="Maximize Browser Window" library="SeleniumLibrary">
<doc>Maximizes current browser window.</doc>
<status status="PASS" starttime="20230219 06:25:48.820" endtime="20230219 06:25:48.943"/>
</kw>
<kw name="Title Should Be" library="SeleniumLibrary">
<arg>Situs Jual Beli Online Terlengkap, Mudah &amp; Aman | Tokopedia</arg>
<doc>Verifies that the current page title equals ``title``.</doc>
<msg timestamp="20230219 06:25:48.956" level="INFO">Page title is 'Situs Jual Beli Online Terlengkap, Mudah &amp; Aman | Tokopedia'.</msg>
<status status="PASS" starttime="20230219 06:25:48.944" endtime="20230219 06:25:48.956"/>
</kw>
<kw name="Sleep" library="BuiltIn">
<arg>5</arg>
<doc>Pauses the test executed for the given time.</doc>
<msg timestamp="20230219 06:25:53.965" level="INFO">Slept 5 seconds</msg>
<status status="PASS" starttime="20230219 06:25:48.957" endtime="20230219 06:25:53.965"/>
</kw>
<status status="PASS" starttime="20230219 06:25:45.366" endtime="20230219 06:25:53.965"/>
</test>
<test id="s1-t2" name="TC-001_Navigate_Search" line="33">
<kw name="Click Element" library="SeleniumLibrary">
<arg>${main_search_btn}</arg>
<doc>Click the element identified by ``locator``.</doc>
<msg timestamp="20230219 06:25:53.967" level="INFO">Clicking element 'xpath://input[@data-unify="Search"]'.</msg>
<status status="PASS" starttime="20230219 06:25:53.967" endtime="20230219 06:25:54.049"/>
</kw>
<kw name="Sleep" library="BuiltIn">
<arg>2</arg>
<doc>Pauses the test executed for the given time.</doc>
<msg timestamp="20230219 06:25:56.056" level="INFO">Slept 2 seconds</msg>
<status status="PASS" starttime="20230219 06:25:54.049" endtime="20230219 06:25:56.056"/>
</kw>
<kw name="Input Text" library="SeleniumLibrary">
<arg>${main_search_btn}</arg>
<arg>laptop asus</arg>
<doc>Types the given ``text`` into the text field identified by ``locator``.</doc>
<msg timestamp="20230219 06:25:56.057" level="INFO">Typing text 'laptop asus' into text field 'xpath://input[@data-unify="Search"]'.</msg>
<status status="PASS" starttime="20230219 06:25:56.056" endtime="20230219 06:25:56.119"/>
</kw>
<kw name="Press Keys" library="SeleniumLibrary">
<arg>${main_search_btn}</arg>
<arg>\ue006</arg>
<doc>Simulates the user pressing key(s) to an element or on the active browser.</doc>
<msg timestamp="20230219 06:25:56.119" level="INFO">Sending key(s) ('\ue006',) to xpath://input[@data-unify="Search"] element.</msg>
<msg timestamp="20230219 06:25:56.400" level="INFO">Sending key </msg>
<status status="PASS" starttime="20230219 06:25:56.119" endtime="20230219 06:25:56.471"/>
</kw>
<kw name="Sleep" library="BuiltIn">
<arg>3</arg>
<doc>Pauses the test executed for the given time.</doc>
<msg timestamp="20230219 06:25:59.474" level="INFO">Slept 3 seconds</msg>
<status status="PASS" starttime="20230219 06:25:56.471" endtime="20230219 06:25:59.474"/>
</kw>
<status status="PASS" starttime="20230219 06:25:53.967" endtime="20230219 06:25:59.475"/>
</test>
<test id="s1-t3" name="TC-002_Validate_Result_Page" line="43">
<kw name="Element Should Be Visible" library="SeleniumLibrary">
<arg>xpath://div[@data-testid="dSRPSearchInfo"]/span</arg>
<doc>Verifies that the element identified by ``locator`` is visible.</doc>
<msg timestamp="20230219 06:25:59.516" level="INFO">Element 'xpath://div[@data-testid="dSRPSearchInfo"]/span' is displayed.</msg>
<status status="PASS" starttime="20230219 06:25:59.478" endtime="20230219 06:25:59.516"/>
</kw>
<kw name="Element Should Be Visible" library="SeleniumLibrary">
<arg>xpath://div[@data-testid="dSRPSearchInfo"]/strong</arg>
<doc>Verifies that the element identified by ``locator`` is visible.</doc>
<msg timestamp="20230219 06:25:59.535" level="INFO">Element 'xpath://div[@data-testid="dSRPSearchInfo"]/strong' is displayed.</msg>
<status status="PASS" starttime="20230219 06:25:59.516" endtime="20230219 06:25:59.535"/>
</kw>
<kw name="Element Should Be Visible" library="SeleniumLibrary">
<arg>xpath://div[@data-testid="divSRPContentProducts"]</arg>
<doc>Verifies that the element identified by ``locator`` is visible.</doc>
<msg timestamp="20230219 06:25:59.552" level="INFO">Element 'xpath://div[@data-testid="divSRPContentProducts"]' is displayed.</msg>
<status status="PASS" starttime="20230219 06:25:59.535" endtime="20230219 06:25:59.552"/>
</kw>
<kw name="Element Should Contain" library="SeleniumLibrary">
<arg>xpath://div[@data-testid="dSRPSearchInfo"]/span</arg>
<arg>Menampilkan</arg>
<doc>Verifies that element ``locator`` contains text ``expected``.</doc>
<msg timestamp="20230219 06:25:59.567" level="INFO">Element 'xpath://div[@data-testid="dSRPSearchInfo"]/span' contains text 'Menampilkan'.</msg>
<status status="PASS" starttime="20230219 06:25:59.552" endtime="20230219 06:25:59.567"/>
</kw>
<kw name="Element Should Contain" library="SeleniumLibrary">
<arg>xpath://div[@data-testid="dSRPSearchInfo"]/span</arg>
<arg>barang</arg>
<doc>Verifies that element ``locator`` contains text ``expected``.</doc>
<msg timestamp="20230219 06:25:59.579" level="INFO">Element 'xpath://div[@data-testid="dSRPSearchInfo"]/span' contains text 'barang'.</msg>
<status status="PASS" starttime="20230219 06:25:59.567" endtime="20230219 06:25:59.580"/>
</kw>
<kw name="Element Should Contain" library="SeleniumLibrary">
<arg>xpath://div[@data-testid="dSRPSearchInfo"]/strong</arg>
<arg>laptop asus</arg>
<doc>Verifies that element ``locator`` contains text ``expected``.</doc>
<msg timestamp="20230219 06:25:59.595" level="INFO">Element 'xpath://div[@data-testid="dSRPSearchInfo"]/strong' contains text 'laptop asus'.</msg>
<status status="PASS" starttime="20230219 06:25:59.580" endtime="20230219 06:25:59.595"/>
</kw>
<kw name="Get WebElements" library="SeleniumLibrary">
<var>${get_text}</var>
<arg>xpath://div[@data-testid="spnSRPProdName"]</arg>
<doc>Returns a list of WebElement objects matching the ``locator``.</doc>
<msg timestamp="20230219 06:25:59.604" level="INFO">${get_text} = [&lt;selenium.webdriver.remote.webelement.WebElement (session="9f9e02935ede180b5670d7a54f7f0dc3", element="35f6efe1-e5f5-4542-af27-00801c403090")&gt;, &lt;selenium.webdriver.remote.webelement.WebElement (sessi...</msg>
<status status="PASS" starttime="20230219 06:25:59.595" endtime="20230219 06:25:59.604"/>
</kw>
<for flavor="IN">
<var>${item}</var>
<value>@{get_text}</value>
<iter>
<var name="${item}">&lt;selenium.webdriver.remote.webelement.WebElement (session="9f9e02935ede180b5670d7a54f7f0dc3", element="35f6efe1-e5f5-4542-af27-00801c403090")&gt;</var>
<kw name="Log To Console" library="BuiltIn">
<arg>${\n}${item.text}</arg>
<doc>Logs the given message to the console.</doc>
<status status="PASS" starttime="20230219 06:25:59.605" endtime="20230219 06:25:59.615"/>
</kw>
<status status="PASS" starttime="20230219 06:25:59.605" endtime="20230219 06:25:59.615"/>
</iter>
<iter>
<var name="${item}">&lt;selenium.webdriver.remote.webelement.WebElement (session="9f9e02935ede180b5670d7a54f7f0dc3", element="8226825e-513a-46bd-b8e3-44bbe19cc444")&gt;</var>
<kw name="Log To Console" library="BuiltIn">
<arg>${\n}${item.text}</arg>
<doc>Logs the given message to the console.</doc>
<status status="PASS" starttime="20230219 06:25:59.615" endtime="20230219 06:25:59.625"/>
</kw>
<status status="PASS" starttime="20230219 06:25:59.615" endtime="20230219 06:25:59.625"/>
</iter>
<iter>
<var name="${item}">&lt;selenium.webdriver.remote.webelement.WebElement (session="9f9e02935ede180b5670d7a54f7f0dc3", element="9f6fb1da-88d8-436a-8ca7-fea7ce99f9f8")&gt;</var>
<kw name="Log To Console" library="BuiltIn">
<arg>${\n}${item.text}</arg>
<doc>Logs the given message to the console.</doc>
<status status="PASS" starttime="20230219 06:25:59.626" endtime="20230219 06:25:59.636"/>
</kw>
<status status="PASS" starttime="20230219 06:25:59.625" endtime="20230219 06:25:59.636"/>
</iter>
<iter>
<var name="${item}">&lt;selenium.webdriver.remote.webelement.WebElement (session="9f9e02935ede180b5670d7a54f7f0dc3", element="1aa631d9-2aec-4db3-a196-c4aa46a59ce5")&gt;</var>
<kw name="Log To Console" library="BuiltIn">
<arg>${\n}${item.text}</arg>
<doc>Logs the given message to the console.</doc>
<status status="PASS" starttime="20230219 06:25:59.636" endtime="20230219 06:25:59.647"/>
</kw>
<status status="PASS" starttime="20230219 06:25:59.636" endtime="20230219 06:25:59.647"/>
</iter>
<iter>
<var name="${item}">&lt;selenium.webdriver.remote.webelement.WebElement (session="9f9e02935ede180b5670d7a54f7f0dc3", element="b4ccf0a2-dd9e-4665-826c-3e205262eed5")&gt;</var>
<kw name="Log To Console" library="BuiltIn">
<arg>${\n}${item.text}</arg>
<doc>Logs the given message to the console.</doc>
<status status="PASS" starttime="20230219 06:25:59.647" endtime="20230219 06:25:59.658"/>
</kw>
<status status="PASS" starttime="20230219 06:25:59.647" endtime="20230219 06:25:59.658"/>
</iter>
<iter>
<var name="${item}">&lt;selenium.webdriver.remote.webelement.WebElement (session="9f9e02935ede180b5670d7a54f7f0dc3", element="3896f844-8bfd-4100-b32a-673383fe8a04")&gt;</var>
<kw name="Log To Console" library="BuiltIn">
<arg>${\n}${item.text}</arg>
<doc>Logs the given message to the console.</doc>
<status status="PASS" starttime="20230219 06:25:59.658" endtime="20230219 06:25:59.669"/>
</kw>
<status status="PASS" starttime="20230219 06:25:59.658" endtime="20230219 06:25:59.669"/>
</iter>
<iter>
<var name="${item}">&lt;selenium.webdriver.remote.webelement.WebElement (session="9f9e02935ede180b5670d7a54f7f0dc3", element="1c3e8c5c-b589-4078-aab1-eea7d35c4382")&gt;</var>
<kw name="Log To Console" library="BuiltIn">
<arg>${\n}${item.text}</arg>
<doc>Logs the given message to the console.</doc>
<status status="PASS" starttime="20230219 06:25:59.669" endtime="20230219 06:25:59.680"/>
</kw>
<status status="PASS" starttime="20230219 06:25:59.669" endtime="20230219 06:25:59.680"/>
</iter>
<iter>
<var name="${item}">&lt;selenium.webdriver.remote.webelement.WebElement (session="9f9e02935ede180b5670d7a54f7f0dc3", element="b461411b-cf7d-4541-ab36-10038ef841bf")&gt;</var>
<kw name="Log To Console" library="BuiltIn">
<arg>${\n}${item.text}</arg>
<doc>Logs the given message to the console.</doc>
<status status="PASS" starttime="20230219 06:25:59.680" endtime="20230219 06:25:59.692"/>
</kw>
<status status="PASS" starttime="20230219 06:25:59.680" endtime="20230219 06:25:59.692"/>
</iter>
<iter>
<var name="${item}">&lt;selenium.webdriver.remote.webelement.WebElement (session="9f9e02935ede180b5670d7a54f7f0dc3", element="bfc6895e-c5de-44ae-8ca6-08d771d669b5")&gt;</var>
<kw name="Log To Console" library="BuiltIn">
<arg>${\n}${item.text}</arg>
<doc>Logs the given message to the console.</doc>
<status status="PASS" starttime="20230219 06:25:59.692" endtime="20230219 06:25:59.703"/>
</kw>
<status status="PASS" starttime="20230219 06:25:59.692" endtime="20230219 06:25:59.703"/>
</iter>
<iter>
<var name="${item}">&lt;selenium.webdriver.remote.webelement.WebElement (session="9f9e02935ede180b5670d7a54f7f0dc3", element="9e13f7fc-1de7-414c-92fc-e5113849a334")&gt;</var>
<kw name="Log To Console" library="BuiltIn">
<arg>${\n}${item.text}</arg>
<doc>Logs the given message to the console.</doc>
<status status="PASS" starttime="20230219 06:25:59.703" endtime="20230219 06:25:59.714"/>
</kw>
<status status="PASS" starttime="20230219 06:25:59.703" endtime="20230219 06:25:59.714"/>
</iter>
<status status="PASS" starttime="20230219 06:25:59.604" endtime="20230219 06:25:59.714"/>
</for>
<status status="PASS" starttime="20230219 06:25:59.477" endtime="20230219 06:25:59.715"/>
</test>
<test id="s1-t4" name="TC-003_Click_Top_Right" line="63">
<kw name="Click Element" library="SeleniumLibrary">
<arg>${top-right-item}</arg>
<doc>Click the element identified by ``locator``.</doc>
<msg timestamp="20230219 06:25:59.716" level="INFO">Clicking element 'xpath://div[@data-testid="divSRPContentProducts"]/div/div[5]'.</msg>
<status status="PASS" starttime="20230219 06:25:59.716" endtime="20230219 06:25:59.926"/>
</kw>
<status status="PASS" starttime="20230219 06:25:59.715" endtime="20230219 06:25:59.926"/>
</test>
<test id="s1-t5" name="TC-004_Detail_Page_Validation" line="68">
<kw name="Sleep" library="BuiltIn">
<arg>5</arg>
<doc>Pauses the test executed for the given time.</doc>
<msg timestamp="20230219 06:26:04.942" level="INFO">Slept 5 seconds</msg>
<status status="PASS" starttime="20230219 06:25:59.928" endtime="20230219 06:26:04.942"/>
</kw>
<kw name="Element Should Be Visible" library="SeleniumLibrary">
<arg>xpath://img[@data-testid="PDPMainImage"]</arg>
<doc>Verifies that the element identified by ``locator`` is visible.</doc>
<msg timestamp="20230219 06:26:04.959" level="INFO">Element 'xpath://img[@data-testid="PDPMainImage"]' is displayed.</msg>
<status status="PASS" starttime="20230219 06:26:04.942" endtime="20230219 06:26:04.959"/>
</kw>
<kw name="Element Should Be Visible" library="SeleniumLibrary">
<arg>xpath://button[@data-testid="tabPDPDetail"]/p</arg>
<doc>Verifies that the element identified by ``locator`` is visible.</doc>
<msg timestamp="20230219 06:26:04.975" level="INFO">Element 'xpath://button[@data-testid="tabPDPDetail"]/p' is displayed.</msg>
<status status="PASS" starttime="20230219 06:26:04.959" endtime="20230219 06:26:04.975"/>
</kw>
<kw name="Element Should Be Visible" library="SeleniumLibrary">
<arg>xpath://button[text()="Lihat Selengkapnya"]</arg>
<doc>Verifies that the element identified by ``locator`` is visible.</doc>
<msg timestamp="20230219 06:26:04.991" level="INFO">Element 'xpath://button[text()="Lihat Selengkapnya"]' is displayed.</msg>
<status status="PASS" starttime="20230219 06:26:04.975" endtime="20230219 06:26:04.991"/>
</kw>
<kw name="Click Element" library="SeleniumLibrary">
<arg>xpath://button[text()="Lihat Selengkapnya"]</arg>
<doc>Click the element identified by ``locator``.</doc>
<msg timestamp="20230219 06:26:04.992" level="INFO">Clicking element 'xpath://button[text()="Lihat Selengkapnya"]'.</msg>
<status status="PASS" starttime="20230219 06:26:04.992" endtime="20230219 06:26:05.086"/>
</kw>
<kw name="Element Should Contain" library="SeleniumLibrary">
<arg>xpath://div[@data-testid="lblPDPDescriptionProduk"]</arg>
<arg>ASUS</arg>
<doc>Verifies that element ``locator`` contains text ``expected``.</doc>
<msg timestamp="20230219 06:26:05.168" level="INFO">Element 'xpath://div[@data-testid="lblPDPDescriptionProduk"]' contains text 'ASUS'.</msg>
<status status="PASS" starttime="20230219 06:26:05.086" endtime="20230219 06:26:05.169"/>
</kw>
<kw name="Get Text" library="SeleniumLibrary">
<var>${get_text}</var>
<arg>xpath://div[@data-testid="lblPDPDescriptionProduk"]</arg>
<doc>Returns the text value of the element identified by ``locator``.</doc>
<msg timestamp="20230219 06:26:05.188" level="INFO">${get_text} = GARANSI RESMI ASUS INDONESIA 2 TAHUN
GARANSI TOKO 5 HARI TERHITUNG DARI BARANG DI TERIMA
JAMINAN BARANG ORIGINAL DAN RESMI

## AGRES.ID ##
TOKO OFFICIAL untuk melayani customer dalam pembelian laptop
...</msg>
<status status="PASS" starttime="20230219 06:26:05.169" endtime="20230219 06:26:05.188"/>
</kw>
<kw name="Log To Console" library="BuiltIn">
<arg>\n${get_text}</arg>
<doc>Logs the given message to the console.</doc>
<status status="PASS" starttime="20230219 06:26:05.188" endtime="20230219 06:26:05.192"/>
</kw>
<status status="PASS" starttime="20230219 06:25:59.928" endtime="20230219 06:26:05.193"/>
</test>
<test id="s1-t6" name="TC-ZZZ_Browser_Close" line="88">
<kw name="Close Browser" library="SeleniumLibrary">
<doc>Closes the current browser.</doc>
<status status="PASS" starttime="20230219 06:26:05.195" endtime="20230219 06:26:08.870"/>
</kw>
<status status="PASS" starttime="20230219 06:26:05.194" endtime="20230219 06:26:08.871"/>
</test>
<status status="PASS" starttime="20230219 06:25:45.184" endtime="20230219 06:26:08.874"/>
</suite>
<statistics>
<total>
<stat pass="6" fail="0" skip="0">All Tests</stat>
</total>
<tag>
</tag>
<suite>
<stat pass="6" fail="0" skip="0" id="s1" name="TC 01">TC 01</stat>
</suite>
</statistics>
<errors>
</errors>
</robot>
